<?xml version="1.0" encoding="UTF-8"?>
<!-- Generated by org.testng.reporters.JUnitReportReporter -->
<testsuite hostname="DESKTOP-ETQ2D97" failures="0" tests="1" name="com.sgtesting.RunnerFile.RunnerScript" time="30.236" errors="0" timestamp="2025-02-25T23:07:23 IST" skipped="0">
  <testcase classname="com.sgtesting.RunnerFile.RunnerScript" name="runScenario" time="30.236"/>
</testsuite> <!-- com.sgtesting.RunnerFile.RunnerScript -->
